<?xml version="1.0" encoding="UTF-8"?>
<!-- Generated by org.testng.reporters.JUnitReportReporter -->
<testsuite hostname="QT-INBG-LT0382" failures="0" tests="1" name="Mobile_world.Signup" time="9.049" errors="0" timestamp="2022-09-20T10:06:02 IST" skipped="0">
  <testcase classname="Mobile_world.Signup" name="register" time="9.049"/>
  <system-out/>
</testsuite> <!-- Mobile_world.Signup -->
