<?xml version="1.0" encoding="UTF-8"?>
<!-- Generated by org.testng.reporters.JUnitReportReporter -->
<testsuite hostname="QT-INBG-LT0382" failures="0" tests="1" name="Mobile_world.orderpage" time="10.199" errors="0" timestamp="2022-09-20T13:21:33 IST" skipped="0">
  <testcase classname="Mobile_world.orderpage" name="orderMethod" time="10.199"/>
  <system-out/>
</testsuite> <!-- Mobile_world.orderpage -->
